Using pre-set license
Built from '2020.3/staging' branch; Version is '2020.3.18f1 (a7d1c678663c) revision 10998214'; Using compiler version '192528614'; Build Type 'Release'
OS: 'Windows 10 Pro; OS build 19042.1466; Version 2009; 64bit' Language: 'en' Physical Memory: 4092 MB
BatchMode: 1, IsHumanControllingUs: 0, StartBugReporterOnCrash: 0, Is64bit: 1, IsPro: 0

COMMAND LINE ARGUMENTS:
C:\Program Files\Unity\Hub\Editor\2020.3.18f1\Editor\Unity.exe
-adb2
-batchMode
-noUpm
-name
AssetImportWorker12
-projectPath
C:/Users/Visual/Documents/GitHub/ProjectCyberKnight
-logFile
Logs/AssetImportWorker12.log
-srvPort
59101
Successfully changed project path to: C:/Users/Visual/Documents/GitHub/ProjectCyberKnight
C:/Users/Visual/Documents/GitHub/ProjectCyberKnight
Using Asset Import Pipeline V2.
Refreshing native plugins compatible for Editor in 126.71 ms, found 3 plugins.
Preloading 0 native plugins for Editor in 0.00 ms.
Initialize engine version: 2020.3.18f1 (a7d1c678663c)
[Subsystems] Discovering subsystems at path C:/Program Files/Unity/Hub/Editor/2020.3.18f1/Editor/Data/Resources/UnitySubsystems
[Subsystems] Discovering subsystems at path C:/Users/Visual/Documents/GitHub/ProjectCyberKnight/Assets
GfxDevice: creating device client; threaded=0
Direct3D:
    Version:  Direct3D 11.0 [level 11.1]
    Renderer: NVIDIA GeForce GTX 1050 (ID=0x1c81)
    Vendor:   
    VRAM:     1977 MB
    Driver:   27.21.14.5671
Initialize mono
Mono path[0] = 'C:/Program Files/Unity/Hub/Editor/2020.3.18f1/Editor/Data/Managed'
Mono path[1] = 'C:/Program Files/Unity/Hub/Editor/2020.3.18f1/Editor/Data/MonoBleedingEdge/lib/mono/unityjit'
Mono config path = 'C:/Program Files/Unity/Hub/Editor/2020.3.18f1/Editor/Data/MonoBleedingEdge/etc'
Using monoOptions --debugger-agent=transport=dt_socket,embedding=1,server=y,suspend=n,address=127.0.0.1:56924
Begin MonoManager ReloadAssembly
Registering precompiled unity dll's ...
Register platform support module: C:/Program Files/Unity/Hub/Editor/2020.3.18f1/Editor/Data/PlaybackEngines/WebGLSupport/UnityEditor.WebGL.Extensions.dll
Register platform support module: C:/Program Files/Unity/Hub/Editor/2020.3.18f1/Editor/Data/PlaybackEngines/WindowsStandaloneSupport/UnityEditor.WindowsStandalone.Extensions.dll
Registered in 0.003093 seconds.
Native extension for WindowsStandalone target not found
Native extension for WebGL target not found
Refreshing native plugins compatible for Editor in 107.36 ms, found 3 plugins.
Preloading 0 native plugins for Editor in 0.00 ms.
Mono: successfully reloaded assembly
- Completed reload, in  2.967 seconds
Domain Reload Profiling:
	ReloadAssembly (2968ms)
		BeginReloadAssembly (88ms)
			ExecutionOrderSort (0ms)
			DisableScriptedObjects (0ms)
			BackupInstance (0ms)
			ReleaseScriptingObjects (0ms)
			CreateAndSetChildDomain (1ms)
		EndReloadAssembly (725ms)
			LoadAssemblies (85ms)
			RebuildTransferFunctionScriptingTraits (0ms)
			SetupTypeCache (261ms)
			ReleaseScriptCaches (0ms)
			RebuildScriptCaches (52ms)
			SetupLoadedEditorAssemblies (300ms)
				LogAssemblyErrors (0ms)
				InitializePlatformSupportModulesInManaged (7ms)
				SetLoadedEditorAssemblies (0ms)
				RefreshPlugins (107ms)
				BeforeProcessingInitializeOnLoad (13ms)
				ProcessInitializeOnLoadAttributes (127ms)
				ProcessInitializeOnLoadMethodAttributes (45ms)
				AfterProcessingInitializeOnLoad (0ms)
				EditorAssembliesLoaded (0ms)
			ExecutionOrderSort2 (0ms)
			AwakeInstancesAfterBackupRestoration (0ms)
Platform modules already initialized, skipping
Registering precompiled user dll's ...
Registered in 0.005725 seconds.
Begin MonoManager ReloadAssembly
Native extension for WindowsStandalone target not found
Native extension for WebGL target not found
Refreshing native plugins compatible for Editor in 117.17 ms, found 3 plugins.
Preloading 0 native plugins for Editor in 0.00 ms.
Mono: successfully reloaded assembly
- Completed reload, in  2.225 seconds
Domain Reload Profiling:
	ReloadAssembly (2231ms)
		BeginReloadAssembly (248ms)
			ExecutionOrderSort (0ms)
			DisableScriptedObjects (8ms)
			BackupInstance (0ms)
			ReleaseScriptingObjects (0ms)
			CreateAndSetChildDomain (32ms)
		EndReloadAssembly (1873ms)
			LoadAssemblies (173ms)
			RebuildTransferFunctionScriptingTraits (0ms)
			SetupTypeCache (621ms)
			ReleaseScriptCaches (1ms)
			RebuildScriptCaches (101ms)
			SetupLoadedEditorAssemblies (754ms)
				LogAssemblyErrors (0ms)
				InitializePlatformSupportModulesInManaged (7ms)
				SetLoadedEditorAssemblies (0ms)
				RefreshPlugins (117ms)
				BeforeProcessingInitializeOnLoad (157ms)
				ProcessInitializeOnLoadAttributes (436ms)
				ProcessInitializeOnLoadMethodAttributes (27ms)
				AfterProcessingInitializeOnLoad (8ms)
				EditorAssembliesLoaded (0ms)
			ExecutionOrderSort2 (0ms)
			AwakeInstancesAfterBackupRestoration (11ms)
Platform modules already initialized, skipping
========================================================================
Worker process is ready to serve import requests
Launched and connected shader compiler UnityShaderCompiler.exe after 0.66 seconds
Refreshing native plugins compatible for Editor in 1.36 ms, found 3 plugins.
Preloading 0 native plugins for Editor in 0.00 ms.
Unloading 3416 Unused Serialized files (Serialized files now loaded: 0)
System memory in use before: 149.2 MB.
System memory in use after: 149.4 MB.

Unloading 28 unused Assets to reduce memory usage. Loaded Objects now: 3855.
Total: 7.174500 ms (FindLiveObjects: 0.898300 ms CreateObjectMapping: 0.272200 ms MarkObjects: 5.865400 ms  DeleteObjects: 0.136700 ms)

AssetImportParameters requested are different than current active one (requested -> active):
  custom:framework-win-MediaFoundation: 216162199b28c13a410421893ffa2e32 -> 
  custom:video-decoder-ogg-theora: a1e56fd34408186e4bbccfd4996cb3dc -> 
  custom:container-muxer-webm: aa71ff27fc2769a1b78a27578f13a17b -> 
  custom:container-demuxer-webm: 4f35f7cbe854078d1ac9338744f61a02 -> 
  custom:container-demuxer-ogg: 62fdf1f143b41e24485cea50d1cbac27 -> 
  custom:video-encoder-webm-vp8: eb34c28f22e8b96e1ab97ce403110664 -> 
  custom:video-decoder-webm-vp8: 9c59270c3fd7afecdb556c50c9e8de78 -> 
  custom:audio-decoder-ogg-vorbis: bf7c407c2cedff20999df2af8eb42d56 -> 
  custom:audio-encoder-webm-vorbis: bf7c407c2cedff20999df2af8eb42d56 -> 
========================================================================
Received Import Request.
  path: Assets/Scenes/DungeonRooms/BasementMain.unity
  artifactKey: Guid(26820c051cfdf4d47ae1cff981c7a2d3) Importer(815301076,1909f56bfc062723c751e8b465ee728b)
Start importing Assets/Scenes/DungeonRooms/BasementMain.unity using Guid(26820c051cfdf4d47ae1cff981c7a2d3) Importer(815301076,1909f56bfc062723c751e8b465ee728b)  -> (artifact id: 'b9890425dba314ce1e76fcb6d7849691') in 0.038669 seconds 
  Import took 0.063400 seconds .

========================================================================
Received Import Request.
  Time since last request: 0.382971 seconds.
  path: Assets/Scenes/DungeonRooms/BasementStart.unity
  artifactKey: Guid(974e8b1fd39465a47866d5f6d5e81374) Importer(815301076,1909f56bfc062723c751e8b465ee728b)
Start importing Assets/Scenes/DungeonRooms/BasementStart.unity using Guid(974e8b1fd39465a47866d5f6d5e81374) Importer(815301076,1909f56bfc062723c751e8b465ee728b)  -> (artifact id: 'b752ddf65213ea651c88fab7d157e213') in 0.087751 seconds 
  Import took 0.098872 seconds .

========================================================================
Received Import Request.
  Time since last request: 10.875137 seconds.
  path: Assets/Materials/BulletTrail.prefab
  artifactKey: Guid(7b5f82ba8ad4aed4c8bf91bce9d4faa5) Importer(815301076,1909f56bfc062723c751e8b465ee728b)
Start importing Assets/Materials/BulletTrail.prefab using Guid(7b5f82ba8ad4aed4c8bf91bce9d4faa5) Importer(815301076,1909f56bfc062723c751e8b465ee728b)  -> (artifact id: '7066d2c5743cc891ab79fbc6234f3fdd') in 0.671361 seconds 
  Import took 0.679195 seconds .

========================================================================
Received Import Request.
  Time since last request: 0.000443 seconds.
  path: Assets/Materials/MuzzleFlashTransp_1.prefab
  artifactKey: Guid(162da284c4663764b92214885664473a) Importer(815301076,1909f56bfc062723c751e8b465ee728b)
Start importing Assets/Materials/MuzzleFlashTransp_1.prefab using Guid(162da284c4663764b92214885664473a) Importer(815301076,1909f56bfc062723c751e8b465ee728b)  -> (artifact id: '2c3da2d1a3b9d0d35f83d6c950900aa3') in 0.160396 seconds 
  Import took 0.167905 seconds .

========================================================================
Received Import Request.
  Time since last request: 0.000311 seconds.
  path: Assets/Materials/Impactparticles.prefab
  artifactKey: Guid(e1dfc756e8654c84492963f2b09a237b) Importer(815301076,1909f56bfc062723c751e8b465ee728b)
Start importing Assets/Materials/Impactparticles.prefab using Guid(e1dfc756e8654c84492963f2b09a237b) Importer(815301076,1909f56bfc062723c751e8b465ee728b)  -> (artifact id: '7cf24ccb696c4cae5703a686df5d90a1') in 0.151884 seconds 
  Import took 0.172359 seconds .

========================================================================
Received Import Request.
  Time since last request: 0.000318 seconds.
  path: Assets/Materials/TirEnemy.png
  artifactKey: Guid(d7e7e3bca6acbd240b9e6257f30b4f6b) Importer(815301076,1909f56bfc062723c751e8b465ee728b)
Start importing Assets/Materials/TirEnemy.png using Guid(d7e7e3bca6acbd240b9e6257f30b4f6b) Importer(815301076,1909f56bfc062723c751e8b465ee728b)  -> (artifact id: 'c2a553eee5027afe6eb79f684759bd45') in 0.201147 seconds 
  Import took 0.208496 seconds .

========================================================================
Received Import Request.
  Time since last request: 0.000305 seconds.
  path: Assets/Materials/MuzzleFlashTransp.png
  artifactKey: Guid(a95dbee8e9275c14ea15708c9dfe2ef0) Importer(815301076,1909f56bfc062723c751e8b465ee728b)
Start importing Assets/Materials/MuzzleFlashTransp.png using Guid(a95dbee8e9275c14ea15708c9dfe2ef0) Importer(815301076,1909f56bfc062723c751e8b465ee728b)  -> (artifact id: 'f29bf7b6204cbaa6cabf5595cffd87bd') in 0.063172 seconds 
  Import took 0.069996 seconds .

========================================================================
Received Import Request.
  Time since last request: 0.000307 seconds.
  path: Assets/Materials/Néon.asset
  artifactKey: Guid(40750cce8d297e1488c892860903df57) Importer(815301076,1909f56bfc062723c751e8b465ee728b)
Start importing Assets/Materials/Néon.asset using Guid(40750cce8d297e1488c892860903df57) Importer(815301076,1909f56bfc062723c751e8b465ee728b)  -> (artifact id: '554ae6f25c74e61a98c1b87618dbc2dd') in 0.017218 seconds 
  Import took 0.025000 seconds .

========================================================================
Received Import Request.
  Time since last request: 0.000352 seconds.
  path: Assets/Materials/GUN_SHOT.wav
  artifactKey: Guid(406420fb2e8983e4eb8b01fff0f0c38a) Importer(815301076,1909f56bfc062723c751e8b465ee728b)
Start importing Assets/Materials/GUN_SHOT.wav using Guid(406420fb2e8983e4eb8b01fff0f0c38a) Importer(815301076,1909f56bfc062723c751e8b465ee728b)  -> (artifact id: '0e3ed7c5bd3c0695c5430f10427de5a6') in 1.538769 seconds 
  Import took 1.546236 seconds .

========================================================================
Received Import Request.
  Time since last request: 0.000303 seconds.
  path: Assets/Materials/Sprite/WalkPerso2.png
  artifactKey: Guid(c7c98482a36bd2540876284ba3b1028a) Importer(815301076,1909f56bfc062723c751e8b465ee728b)
Start importing Assets/Materials/Sprite/WalkPerso2.png using Guid(c7c98482a36bd2540876284ba3b1028a) Importer(815301076,1909f56bfc062723c751e8b465ee728b)  -> (artifact id: 'bf2fe4c9088c91ca51984d0042e4749c') in 0.083957 seconds 
  Import took 0.091133 seconds .

========================================================================
Received Import Request.
  Time since last request: 0.000322 seconds.
  path: Assets/Materials/Sprite/PersoAChanger 3.png
  artifactKey: Guid(97abbd9bce0efb54e9ec524c74cfd46e) Importer(815301076,1909f56bfc062723c751e8b465ee728b)
Start importing Assets/Materials/Sprite/PersoAChanger 3.png using Guid(97abbd9bce0efb54e9ec524c74cfd46e) Importer(815301076,1909f56bfc062723c751e8b465ee728b)  -> (artifact id: '9885d8dbb2f4ae4be0ce5ceb5da460b9') in 0.058723 seconds 
  Import took 0.065629 seconds .

========================================================================
Received Import Request.
  Time since last request: 0.000304 seconds.
  path: Assets/Materials/Sprite/Vie1.png
  artifactKey: Guid(18995e69162b36c41bc36a75b9aceb58) Importer(815301076,1909f56bfc062723c751e8b465ee728b)
Start importing Assets/Materials/Sprite/Vie1.png using Guid(18995e69162b36c41bc36a75b9aceb58) Importer(815301076,1909f56bfc062723c751e8b465ee728b)  -> (artifact id: '149ec5b11f127e7eca1af053f1ebc02c') in 0.061955 seconds 
  Import took 0.068973 seconds .

========================================================================
Received Import Request.
  Time since last request: 0.000324 seconds.
  path: Assets/Materials/Sprite/Arme2.png
  artifactKey: Guid(7267758d0a733a449aa034e6a065b9c3) Importer(815301076,1909f56bfc062723c751e8b465ee728b)
Start importing Assets/Materials/Sprite/Arme2.png using Guid(7267758d0a733a449aa034e6a065b9c3) Importer(815301076,1909f56bfc062723c751e8b465ee728b)  -> (artifact id: '3c8eb21f1788e9d737581d1572af885f') in 0.068196 seconds 
  Import took 0.075312 seconds .

========================================================================
Received Import Request.
  Time since last request: 0.000305 seconds.
  path: Assets/Materials/Sprite/DecorFinal2.png
  artifactKey: Guid(47bba184502729143a1a38554c9f9320) Importer(815301076,1909f56bfc062723c751e8b465ee728b)
Start importing Assets/Materials/Sprite/DecorFinal2.png using Guid(47bba184502729143a1a38554c9f9320) Importer(815301076,1909f56bfc062723c751e8b465ee728b)  -> (artifact id: 'a0af310130425ee69b7729096acb140a') in 0.139605 seconds 
  Import took 0.146657 seconds .

========================================================================
Received Import Request.
  Time since last request: 0.000297 seconds.
  path: Assets/Materials/Sprite/ButtonVis.png
  artifactKey: Guid(bc1d666798fb6d44192ecb51eeba3c1a) Importer(815301076,1909f56bfc062723c751e8b465ee728b)
Start importing Assets/Materials/Sprite/ButtonVis.png using Guid(bc1d666798fb6d44192ecb51eeba3c1a) Importer(815301076,1909f56bfc062723c751e8b465ee728b)  -> (artifact id: '372a4b852814329650aee86071e8e364') in 0.056726 seconds 
  Import took 0.063974 seconds .

========================================================================
Received Import Request.
  Time since last request: 0.000313 seconds.
  path: Assets/Materials/Sprite/Tir.png
  artifactKey: Guid(543968f978caee24fa0aa11f0516d818) Importer(815301076,1909f56bfc062723c751e8b465ee728b)
Start importing Assets/Materials/Sprite/Tir.png using Guid(543968f978caee24fa0aa11f0516d818) Importer(815301076,1909f56bfc062723c751e8b465ee728b)  -> (artifact id: 'c01956a4a6560db8687174808d7fbc43') in 0.041809 seconds 
  Import took 0.049053 seconds .

========================================================================
Received Import Request.
  Time since last request: 0.000334 seconds.
  path: Assets/Materials/Sprite
  artifactKey: Guid(6f5fc1bbf2783f549b2634803025b458) Importer(815301076,1909f56bfc062723c751e8b465ee728b)
Start importing Assets/Materials/Sprite using Guid(6f5fc1bbf2783f549b2634803025b458) Importer(815301076,1909f56bfc062723c751e8b465ee728b)  -> (artifact id: '10f1144c55f2b8371b73806c5a04f081') in 0.012540 seconds 
  Import took 0.020126 seconds .

========================================================================
Received Import Request.
  Time since last request: 0.000332 seconds.
  path: Assets/Materials/Sprite/Viseur.png
  artifactKey: Guid(1ad5d9db475f4f94c8e6df7cc63e0570) Importer(815301076,1909f56bfc062723c751e8b465ee728b)
Start importing Assets/Materials/Sprite/Viseur.png using Guid(1ad5d9db475f4f94c8e6df7cc63e0570) Importer(815301076,1909f56bfc062723c751e8b465ee728b)  -> (artifact id: 'fb7c22090b8ace8432be442ad5731a74') in 0.041965 seconds 
  Import took 0.049832 seconds .

========================================================================
Received Import Request.
  Time since last request: 0.000311 seconds.
  path: Assets/Materials/Sprite/Tir 1.png
  artifactKey: Guid(71f4e0aacc3f5ce42896d6d6e1c4d1c3) Importer(815301076,1909f56bfc062723c751e8b465ee728b)
Start importing Assets/Materials/Sprite/Tir 1.png using Guid(71f4e0aacc3f5ce42896d6d6e1c4d1c3) Importer(815301076,1909f56bfc062723c751e8b465ee728b)  -> (artifact id: '794df757328da219e9f525cdfb7fb4d4') in 0.051408 seconds 
  Import took 0.059170 seconds .

========================================================================
Received Import Request.
  Time since last request: 0.000281 seconds.
  path: Assets/Materials/Sprite/Minimalism-art-picture-city-skyscrapers-8-bit-pixels_1920x1080.png
  artifactKey: Guid(f66727c6007d39c4db45a6232b8f0fec) Importer(815301076,1909f56bfc062723c751e8b465ee728b)
Start importing Assets/Materials/Sprite/Minimalism-art-picture-city-skyscrapers-8-bit-pixels_1920x1080.png using Guid(f66727c6007d39c4db45a6232b8f0fec) Importer(815301076,1909f56bfc062723c751e8b465ee728b)  -> (artifact id: 'a716b0d15492693a7d29ef5027a4262a') in 0.365312 seconds 
  Import took 0.372400 seconds .

========================================================================
Received Import Request.
  Time since last request: 0.000301 seconds.
  path: Assets/Materials/Sprite/BarreDeVie.png
  artifactKey: Guid(c8fdc0219001b854f95f476771644db8) Importer(815301076,1909f56bfc062723c751e8b465ee728b)
Start importing Assets/Materials/Sprite/BarreDeVie.png using Guid(c8fdc0219001b854f95f476771644db8) Importer(815301076,1909f56bfc062723c751e8b465ee728b)  -> (artifact id: 'b858b1e3d71a6c918669a0b39eaaba99') in 0.063598 seconds 
  Import took 0.070747 seconds .

========================================================================
Received Import Request.
  Time since last request: 0.000315 seconds.
  path: Assets/Materials/Sprite/Arme1.png
  artifactKey: Guid(f3a64a5c59c53694e82cc026fba68e8e) Importer(815301076,1909f56bfc062723c751e8b465ee728b)
Start importing Assets/Materials/Sprite/Arme1.png using Guid(f3a64a5c59c53694e82cc026fba68e8e) Importer(815301076,1909f56bfc062723c751e8b465ee728b)  -> (artifact id: 'a9a277f81ef2e7427b83468724f1f754') in 0.049840 seconds 
  Import took 0.056852 seconds .

========================================================================
Received Import Request.
  Time since last request: 0.000291 seconds.
  path: Assets/Materials/Sprite/DecorFinal1.jpg
  artifactKey: Guid(17152b49cd4de964687a40466ae6cb80) Importer(815301076,1909f56bfc062723c751e8b465ee728b)
Start importing Assets/Materials/Sprite/DecorFinal1.jpg using Guid(17152b49cd4de964687a40466ae6cb80) Importer(815301076,1909f56bfc062723c751e8b465ee728b)  -> (artifact id: '6cc493192fe5c41e680d034489abd61b') in 0.194335 seconds 
  Import took 0.201299 seconds .

========================================================================
Received Import Request.
  Time since last request: 0.000323 seconds.
  path: Assets/Materials/Sprite/Idle2perso.png
  artifactKey: Guid(20f67a6b671558740b98b7a60c532b27) Importer(815301076,1909f56bfc062723c751e8b465ee728b)
Start importing Assets/Materials/Sprite/Idle2perso.png using Guid(20f67a6b671558740b98b7a60c532b27) Importer(815301076,1909f56bfc062723c751e8b465ee728b)  -> (artifact id: 'cc447c3f5e08e8c651b379e4cc3ca6a2') in 0.138677 seconds 
  Import took 0.148409 seconds .

========================================================================
Received Import Request.
  Time since last request: 0.000453 seconds.
  path: Assets/Materials/Sprite/RobotSelf.png
  artifactKey: Guid(2585af139ddd8924fb40dcb31413e531) Importer(815301076,1909f56bfc062723c751e8b465ee728b)
Start importing Assets/Materials/Sprite/RobotSelf.png using Guid(2585af139ddd8924fb40dcb31413e531) Importer(815301076,1909f56bfc062723c751e8b465ee728b)  -> (artifact id: '8fe41ecd393065caccdd544dc18c9747') in 0.225067 seconds 
  Import took 0.235140 seconds .

========================================================================
Received Import Request.
  Time since last request: 0.000321 seconds.
  path: Assets/Materials/Sprite/WalkPerso.png
  artifactKey: Guid(e38b69de1fd43674ba508149137cf5fd) Importer(815301076,1909f56bfc062723c751e8b465ee728b)
Start importing Assets/Materials/Sprite/WalkPerso.png using Guid(e38b69de1fd43674ba508149137cf5fd) Importer(815301076,1909f56bfc062723c751e8b465ee728b)  -> (artifact id: '50b1912cb48b7bc3af5b93bf8ae54ee8') in 0.054317 seconds 
  Import took 0.092955 seconds .

========================================================================
Received Import Request.
  Time since last request: 0.000332 seconds.
  path: Assets/Materials/Sprite/ButtonVis2.png
  artifactKey: Guid(90999b72a3a3ac04f93107b4bd3218de) Importer(815301076,1909f56bfc062723c751e8b465ee728b)
Start importing Assets/Materials/Sprite/ButtonVis2.png using Guid(90999b72a3a3ac04f93107b4bd3218de) Importer(815301076,1909f56bfc062723c751e8b465ee728b)  -> (artifact id: 'de76c32f88c7a2023472f005cb3cc1e9') in 0.086054 seconds 
  Import took 0.093457 seconds .

========================================================================
Received Import Request.
  Time since last request: 0.000352 seconds.
  path: Assets/Materials/Sprite/Ennemi.png
  artifactKey: Guid(1e35427e8d06f014e8b3c09b936b9f7b) Importer(815301076,1909f56bfc062723c751e8b465ee728b)
Start importing Assets/Materials/Sprite/Ennemi.png using Guid(1e35427e8d06f014e8b3c09b936b9f7b) Importer(815301076,1909f56bfc062723c751e8b465ee728b)  -> (artifact id: '2f30e2e410ec37c75fea433b089e47b3') in 0.045574 seconds 
  Import took 0.053026 seconds .

========================================================================
Received Prepare
Refreshing native plugins compatible for Editor in 6.71 ms, found 3 plugins.
Preloading 0 native plugins for Editor in 0.00 ms.
Unloading 14 Unused Serialized files (Serialized files now loaded: 0)
System memory in use before: 80.5 MB.
System memory in use after: 80.7 MB.

Unloading 17 unused Assets to reduce memory usage. Loaded Objects now: 3966.
Total: 7.755000 ms (FindLiveObjects: 0.843100 ms CreateObjectMapping: 0.239200 ms MarkObjects: 6.585200 ms  DeleteObjects: 0.085900 ms)

AssetImportParameters requested are different than current active one (requested -> active):
  custom:framework-win-MediaFoundation: 216162199b28c13a410421893ffa2e32 -> 
  custom:video-decoder-ogg-theora: a1e56fd34408186e4bbccfd4996cb3dc -> 
  custom:container-muxer-webm: aa71ff27fc2769a1b78a27578f13a17b -> 
  custom:container-demuxer-webm: 4f35f7cbe854078d1ac9338744f61a02 -> 
  custom:container-demuxer-ogg: 62fdf1f143b41e24485cea50d1cbac27 -> 
  custom:video-encoder-webm-vp8: eb34c28f22e8b96e1ab97ce403110664 -> 
  custom:video-decoder-webm-vp8: 9c59270c3fd7afecdb556c50c9e8de78 -> 
  custom:audio-decoder-ogg-vorbis: bf7c407c2cedff20999df2af8eb42d56 -> 
  custom:audio-encoder-webm-vorbis: bf7c407c2cedff20999df2af8eb42d56 -> 
========================================================================
Received Import Request.
  Time since last request: 74.010489 seconds.
  path: Assets/Scenes/DungeonRooms/BasementEnd.unity
  artifactKey: Guid(149f1f5651ea97a45a4e3d772150321b) Importer(815301076,1909f56bfc062723c751e8b465ee728b)
Start importing Assets/Scenes/DungeonRooms/BasementEnd.unity using Guid(149f1f5651ea97a45a4e3d772150321b) Importer(815301076,1909f56bfc062723c751e8b465ee728b)  -> (artifact id: 'c04710500460a7b270dc374711f35e8f') in 0.016206 seconds 
  Import took 0.025756 seconds .

========================================================================
Received Import Request.
  Time since last request: 40.661763 seconds.
  path: Assets/Scenes/DungeonRooms/BasementEmpty.unity
  artifactKey: Guid(814622fbe81a3a84f9cc34da3004f39e) Importer(815301076,1909f56bfc062723c751e8b465ee728b)
Start importing Assets/Scenes/DungeonRooms/BasementEmpty.unity using Guid(814622fbe81a3a84f9cc34da3004f39e) Importer(815301076,1909f56bfc062723c751e8b465ee728b)  -> (artifact id: '495e7598aa1f073ef80682b38b077e77') in 0.011457 seconds 
  Import took 0.021502 seconds .

========================================================================
Received Import Request.
  Time since last request: 15.221480 seconds.
  path: Assets/AstarPathfindingProject/AstarPathfindingProject.asmdef
  artifactKey: Guid(efa45043feb7e4147a305b73b5cea642) Importer(815301076,1909f56bfc062723c751e8b465ee728b)
Start importing Assets/AstarPathfindingProject/AstarPathfindingProject.asmdef using Guid(efa45043feb7e4147a305b73b5cea642) Importer(815301076,1909f56bfc062723c751e8b465ee728b)  -> (artifact id: 'fa628972aa73b82a158bf0d7f8452c82') in 0.010523 seconds 
  Import took 0.017597 seconds .

========================================================================
Received Import Request.
  Time since last request: 8.237427 seconds.
  path: Assets/Scenes/SampleScene.unity
  artifactKey: Guid(2cda990e2423bbf4892e6590ba056729) Importer(815301076,1909f56bfc062723c751e8b465ee728b)
Start importing Assets/Scenes/SampleScene.unity using Guid(2cda990e2423bbf4892e6590ba056729) Importer(815301076,1909f56bfc062723c751e8b465ee728b)  -> (artifact id: 'ec3e5f7157deb47e06ed09c0e7ce0cfd') in 0.021760 seconds 
  Import took 0.055067 seconds .

